[36m[1m2024-10-16 09:15:40 info Successfully Connected to DB[22m[39m
[36m[1m2024-10-16 09:16:39 info Server is Running on http://localhost:1337[22m[39m
[36m[1m2024-10-16 09:16:40 info Successfully Connected to DB[22m[39m
[32m2024-10-16 09:17:26 info Server is Running on http://localhost:1337[39m
[32m2024-10-16 09:17:28 info Successfully Connected to DB[39m
[36m[1m2024-10-16 09:17:37 info Server is Running on http://localhost:1337[22m[39m
[36m[1m2024-10-16 09:17:38 info Successfully Connected to DB[22m[39m
[32m2024-10-16 09:18:20 info Server is Running on http://localhost:1337[39m
[32m2024-10-16 09:18:22 info Successfully Connected to DB[39m
[36m[1m2024-10-16 09:19:54 info Server is Running on http://localhost:1337[22m[39m
[36m[1m2024-10-16 09:19:57 info Successfully Connected to DB[22m[39m
[36m[1m2024-10-16 09:20:08 INFO Server is Running on http://localhost:1337[22m[39m
[36m[1m2024-10-16 09:20:10 INFO Successfully Connected to DB[22m[39m
[32m2024-10-16 09:20:24 INFO Server is Running on http://localhost:1337[39m
[32m2024-10-16 09:20:25 INFO Successfully Connected to DB[39m
[36m[1m2024-10-16 09:20:29 INFO Server is Running on http://localhost:1337[22m[39m
[36m[1m2024-10-16 09:20:31 INFO Successfully Connected to DB[22m[39m
[36m[1m2024-10-16 09:20:53 function toUpperCase() { [native code] } Server is Running on http://localhost:1337[22m[39m
[36m[1m2024-10-16 09:20:54 function toUpperCase() { [native code] } Successfully Connected to DB[22m[39m
[36m[1m2024-10-16 09:21:06 INFO Server is Running on http://localhost:1337[22m[39m
[36m[1m2024-10-16 09:21:08 INFO Successfully Connected to DB[22m[39m
[36m[1m2024-10-16 09:21:22 info Server is Running on http://localhost:1337[22m[39m
[36m[1m2024-10-16 09:21:24 info Successfully Connected to DB[22m[39m
[36m[1m2024-10-16 10:33:05 info Server is Running on http://localhost:1337[22m[39m
[36m[1m2024-10-16 10:33:06 info Successfully Connected to DB[22m[39m
[36m[1m2024-10-16 15:05:57 info Server is Running on http://localhost:1337[22m[39m
[36m[1m2024-10-16 15:05:59 info Successfully Connected to DB[22m[39m
[36m[1m2024-10-16 15:10:26 info Server is Running on http://localhost:1337[22m[39m
[36m[1m2024-10-16 15:10:27 info Successfully Connected to DB[22m[39m
[36m[1m2024-10-16 15:11:56 info Server is Running on http://localhost:1337[22m[39m
[36m[1m2024-10-16 15:11:58 info Successfully Connected to DB[22m[39m
[36m[1m2024-10-16 15:13:50 info Server is Running on http://localhost:1337[22m[39m
[36m[1m2024-10-16 15:13:51 info Successfully Connected to DB[22m[39m
[36m[1m2024-10-16 15:15:11 info Server is Running on http://localhost:1337[22m[39m
[36m[1m2024-10-16 15:15:12 info Successfully Connected to DB[22m[39m
[36m[1m2024-10-16 15:17:19 info Server is Running on http://localhost:1337[22m[39m
[36m[1m2024-10-16 15:17:21 info Successfully Connected to DB[22m[39m
[36m[1m2024-10-16 15:19:44 info Server is Running on http://localhost:1337[22m[39m
[36m[1m2024-10-16 15:19:45 info Successfully Connected to DB[22m[39m
[36m[1m2024-10-16 15:19:49 info START: Attemping Creating a User[22m[39m
[31m[1m2024-10-16 15:19:49 error END: Register User Service Failed[22m[39m
[31m[1m2024-10-16 15:19:49 error END: User Registration Failed Error while creating user: User validation failed: password: Cast to string failed for value "Promise { <pending> }" (type Promise) at path "password"[22m[39m
[36m[1m2024-10-16 15:20:20 info START: Attemping Creating a User[22m[39m
[31m[1m2024-10-16 15:20:20 error END: Register User Service Failed[22m[39m
[31m[1m2024-10-16 15:20:20 error END: User Registration Failed Error while creating user: User validation failed: password: Cast to string failed for value "Promise { <pending> }" (type Promise) at path "password"[22m[39m
[36m[1m2024-10-16 15:20:45 info START: Attemping Creating a User[22m[39m
[31m[1m2024-10-16 15:20:45 error END: Register User Service Failed[22m[39m
[31m[1m2024-10-16 15:20:45 error END: User Registration Failed Error while creating user: User validation failed: password: Cast to string failed for value "Promise { <pending> }" (type Promise) at path "password"[22m[39m
[36m[1m2024-10-16 15:21:25 info Server is Running on http://localhost:1337[22m[39m
[36m[1m2024-10-16 15:21:26 info Successfully Connected to DB[22m[39m
[36m[1m2024-10-16 15:21:30 info START: Attemping Creating a User[22m[39m
[36m[1m2024-10-16 15:21:30 info END: User Successfully Created[22m[39m
[31m[1m2024-10-16 15:21:31 error END: User Registration Failed Cannot set headers after they are sent to the client[22m[39m
[36m[1m2024-10-16 15:23:56 info START: Attemping Creating a User[22m[39m
[31m[1m2024-10-16 15:23:56 error END: User Registration Failed Cannot set headers after they are sent to the client[22m[39m
[36m[1m2024-10-17 09:21:17 info Server is Running on http://localhost:1337[22m[39m
[36m[1m2024-10-17 09:21:19 info Successfully Connected to DB[22m[39m
[36m[1m2024-10-17 09:22:22 info Server is Running on http://localhost:1337[22m[39m
[36m[1m2024-10-17 09:22:23 info Successfully Connected to DB[22m[39m
[36m[1m2024-10-17 09:22:26 info START: Attemping Creating a User[22m[39m
[31m[1m2024-10-17 09:22:26 error END: User Registration Failed Cannot set headers after they are sent to the client[22m[39m
[36m[1m2024-10-17 09:24:11 info Server is Running on http://localhost:1337[22m[39m
[36m[1m2024-10-17 09:24:13 info Successfully Connected to DB[22m[39m
[36m[1m2024-10-17 09:24:16 info START: Attemping Creating a User[22m[39m
[31m[1m2024-10-17 09:24:16 error END: User Registration Failed Cannot set headers after they are sent to the client[22m[39m
[36m[1m2024-10-17 09:30:23 info Server is Running on http://localhost:1337[22m[39m
[36m[1m2024-10-17 09:30:25 info Successfully Connected to DB[22m[39m
[36m[1m2024-10-17 09:33:13 info START: Attemping Creating a User[22m[39m
[36m[1m2024-10-17 09:33:13 info END: User Successfully Created[22m[39m
[31m[1m2024-10-17 09:33:13 error END: User Registration Failed Cannot set headers after they are sent to the client[22m[39m
[36m[1m2024-10-17 09:35:12 info START: Attemping Creating a User[22m[39m
[36m[1m2024-10-17 09:35:12 info END: User Successfully Created[22m[39m
[31m[1m2024-10-17 09:35:12 error END: User Registration Failed Cannot set headers after they are sent to the client[22m[39m
[36m[1m2024-10-17 09:36:04 info Server is Running on http://localhost:1337[22m[39m
[36m[1m2024-10-17 09:36:06 info Successfully Connected to DB[22m[39m
[36m[1m2024-10-17 09:36:21 info Server is Running on http://localhost:1337[22m[39m
[36m[1m2024-10-17 09:36:23 info Successfully Connected to DB[22m[39m
[36m[1m2024-10-17 09:36:28 info START: Attemping Creating a User[22m[39m
[31m[1m2024-10-17 09:36:29 error END: User Registration Failed Cannot set headers after they are sent to the client[22m[39m
[36m[1m2024-10-17 09:36:41 info Server is Running on http://localhost:1337[22m[39m
[36m[1m2024-10-17 09:36:43 info Successfully Connected to DB[22m[39m
[36m[1m2024-10-17 09:36:53 info START: Attemping Creating a User[22m[39m
[36m[1m2024-10-17 09:36:53 info END: User Successfully Created[22m[39m
[36m[1m2024-10-17 09:38:56 info Server is Running on http://localhost:1337[22m[39m
[36m[1m2024-10-17 09:38:57 info Successfully Connected to DB[22m[39m
[36m[1m2024-10-17 09:39:02 info START: Attemping Creating a User[22m[39m
[36m[1m2024-10-17 09:39:02 info END: User Successfully Created[22m[39m
[31m[1m2024-10-17 09:39:02 error END: User Registration Failed Cannot set headers after they are sent to the client[22m[39m
[36m[1m2024-10-17 09:40:27 info Server is Running on http://localhost:1337[22m[39m
[36m[1m2024-10-17 09:40:28 info Successfully Connected to DB[22m[39m
[36m[1m2024-10-17 09:41:33 info Server is Running on http://localhost:1337[22m[39m
[36m[1m2024-10-17 09:41:35 info Successfully Connected to DB[22m[39m
[36m[1m2024-10-17 09:43:48 info Server is Running on http://localhost:1337[22m[39m
[36m[1m2024-10-17 09:43:50 info Successfully Connected to DB[22m[39m
[36m[1m2024-10-17 09:44:40 info Server is Running on http://localhost:1337[22m[39m
[36m[1m2024-10-17 09:44:41 info Successfully Connected to DB[22m[39m
[36m[1m2024-10-17 09:47:38 info Server is Running on http://localhost:1337[22m[39m
[36m[1m2024-10-17 09:47:39 info Successfully Connected to DB[22m[39m
[36m[1m2024-10-17 09:47:54 info START: Attemping Creating a User[22m[39m
[36m[1m2024-10-17 09:47:54 info END: User Successfully Created[22m[39m
